{"/Users/alan/Downloads/MessagingApp-main/src/components/App.jsx": {"path":"/Users/alan/Downloads/MessagingApp-main/src/components/App.jsx","statementMap":{"0":{"start":{"line":7,"column":12},"end":{"line":27,"column":1}},"1":{"start":{"line":8,"column":26},"end":{"line":8,"column":40}},"2":{"start":{"line":10,"column":2},"end":{"line":12,"column":9}},"3":{"start":{"line":11,"column":4},"end":{"line":11,"column":53}},"4":{"start":{"line":11,"column":38},"end":{"line":11,"column":51}},"5":{"start":{"line":14,"column":2},"end":{"line":26,"column":4}}},"fnMap":{"0":{"name":"(anonymous_0)","decl":{"start":{"line":7,"column":12},"end":{"line":7,"column":13}},"loc":{"start":{"line":7,"column":18},"end":{"line":27,"column":1}},"line":7},"1":{"name":"(anonymous_1)","decl":{"start":{"line":10,"column":12},"end":{"line":10,"column":13}},"loc":{"start":{"line":10,"column":18},"end":{"line":12,"column":3}},"line":10},"2":{"name":"(anonymous_2)","decl":{"start":{"line":11,"column":28},"end":{"line":11,"column":29}},"loc":{"start":{"line":11,"column":38},"end":{"line":11,"column":51}},"line":11}},"branchMap":{"0":{"loc":{"start":{"line":17,"column":7},"end":{"line":24,"column":7}},"type":"cond-expr","locations":[{"start":{"line":18,"column":8},"end":{"line":18,"column":17}},{"start":{"line":20,"column":8},"end":{"line":23,"column":14}}],"line":17}},"s":{"0":0,"1":0,"2":0,"3":0,"4":0,"5":0},"f":{"0":0,"1":0,"2":0},"b":{"0":[0,0]}}
,"/Users/alan/Downloads/MessagingApp-main/src/components/ChatRoom.jsx": {"path":"/Users/alan/Downloads/MessagingApp-main/src/components/ChatRoom.jsx","statementMap":{"0":{"start":{"line":5,"column":17},"end":{"line":70,"column":1}},"1":{"start":{"line":6,"column":34},"end":{"line":6,"column":46}},"2":{"start":{"line":7,"column":38},"end":{"line":7,"column":50}},"3":{"start":{"line":9,"column":2},"end":{"line":23,"column":7}},"4":{"start":{"line":10,"column":22},"end":{"line":10,"column":41}},"5":{"start":{"line":12,"column":22},"end":{"line":20,"column":4}},"6":{"start":{"line":13,"column":17},"end":{"line":13,"column":31}},"7":{"start":{"line":14,"column":4},"end":{"line":19,"column":5}},"8":{"start":{"line":15,"column":29},"end":{"line":15,"column":48}},"9":{"start":{"line":16,"column":6},"end":{"line":16,"column":34}},"10":{"start":{"line":18,"column":6},"end":{"line":18,"column":22}},"11":{"start":{"line":22,"column":2},"end":{"line":22,"column":29}},"12":{"start":{"line":22,"column":15},"end":{"line":22,"column":28}},"13":{"start":{"line":25,"column":28},"end":{"line":46,"column":1}},"14":{"start":{"line":26,"column":2},"end":{"line":26,"column":42}},"15":{"start":{"line":28,"column":22},"end":{"line":28,"column":41}},"16":{"start":{"line":29,"column":18},"end":{"line":33,"column":3}},"17":{"start":{"line":35,"column":2},"end":{"line":35,"column":54}},"18":{"start":{"line":37,"column":2},"end":{"line":43,"column":7}},"19":{"start":{"line":39,"column":6},"end":{"line":39,"column":47}},"20":{"start":{"line":42,"column":6},"end":{"line":42,"column":53}},"21":{"start":{"line":45,"column":2},"end":{"line":45,"column":20}},"22":{"start":{"line":50,"column":2},"end":{"line":69,"column":4}},"23":{"start":{"line":55,"column":10},"end":{"line":58,"column":14}},"24":{"start":{"line":64,"column":25},"end":{"line":64,"column":54}}},"fnMap":{"0":{"name":"(anonymous_0)","decl":{"start":{"line":5,"column":17},"end":{"line":5,"column":18}},"loc":{"start":{"line":5,"column":31},"end":{"line":70,"column":1}},"line":5},"1":{"name":"(anonymous_1)","decl":{"start":{"line":9,"column":12},"end":{"line":9,"column":13}},"loc":{"start":{"line":9,"column":18},"end":{"line":23,"column":1}},"line":9},"2":{"name":"(anonymous_2)","decl":{"start":{"line":12,"column":43},"end":{"line":12,"column":44}},"loc":{"start":{"line":12,"column":57},"end":{"line":20,"column":3}},"line":12},"3":{"name":"(anonymous_3)","decl":{"start":{"line":22,"column":9},"end":{"line":22,"column":10}},"loc":{"start":{"line":22,"column":15},"end":{"line":22,"column":28}},"line":22},"4":{"name":"(anonymous_4)","decl":{"start":{"line":25,"column":28},"end":{"line":25,"column":29}},"loc":{"start":{"line":25,"column":34},"end":{"line":46,"column":1}},"line":25},"5":{"name":"(anonymous_5)","decl":{"start":{"line":38,"column":10},"end":{"line":38,"column":11}},"loc":{"start":{"line":38,"column":16},"end":{"line":40,"column":5}},"line":38},"6":{"name":"(anonymous_6)","decl":{"start":{"line":41,"column":11},"end":{"line":41,"column":12}},"loc":{"start":{"line":41,"column":22},"end":{"line":43,"column":5}},"line":41},"7":{"name":"(anonymous_7)","decl":{"start":{"line":54,"column":22},"end":{"line":54,"column":23}},"loc":{"start":{"line":55,"column":10},"end":{"line":58,"column":14}},"line":55},"8":{"name":"(anonymous_8)","decl":{"start":{"line":64,"column":18},"end":{"line":64,"column":19}},"loc":{"start":{"line":64,"column":25},"end":{"line":64,"column":54}},"line":64}},"branchMap":{"0":{"loc":{"start":{"line":14,"column":4},"end":{"line":19,"column":5}},"type":"if","locations":[{"start":{"line":14,"column":4},"end":{"line":19,"column":5}},{"start":{"line":17,"column":11},"end":{"line":19,"column":5}}],"line":14}},"s":{"0":1,"1":2,"2":2,"3":2,"4":2,"5":0,"6":0,"7":0,"8":0,"9":0,"10":0,"11":0,"12":0,"13":2,"14":0,"15":0,"16":0,"17":0,"18":0,"19":0,"20":0,"21":0,"22":2,"23":0,"24":0},"f":{"0":2,"1":2,"2":0,"3":0,"4":0,"5":0,"6":0,"7":0,"8":0},"b":{"0":[0,0]},"_coverageSchema":"1a1c01bbd47fc00a2c39e90264f33305004495a9","hash":"b88abeda16c03075dd585d232f1c430398eeb52d"}
,"/Users/alan/Downloads/MessagingApp-main/src/components/Login.jsx": {"path":"/Users/alan/Downloads/MessagingApp-main/src/components/Login.jsx","statementMap":{"0":{"start":{"line":4,"column":14},"end":{"line":10,"column":1}},"1":{"start":{"line":5,"column":2},"end":{"line":9,"column":4}}},"fnMap":{"0":{"name":"(anonymous_0)","decl":{"start":{"line":4,"column":14},"end":{"line":4,"column":15}},"loc":{"start":{"line":4,"column":20},"end":{"line":10,"column":1}},"line":4}},"branchMap":{},"s":{"0":1,"1":3},"f":{"0":3},"b":{},"_coverageSchema":"1a1c01bbd47fc00a2c39e90264f33305004495a9","hash":"5b4e4f385e61e14d36f7eeae6a6983945b34aa7f"}
,"/Users/alan/Downloads/MessagingApp-main/src/components/UserProfile.jsx": {"path":"/Users/alan/Downloads/MessagingApp-main/src/components/UserProfile.jsx","statementMap":{"0":{"start":{"line":4,"column":20},"end":{"line":12,"column":1}},"1":{"start":{"line":5,"column":2},"end":{"line":11,"column":4}}},"fnMap":{"0":{"name":"(anonymous_0)","decl":{"start":{"line":4,"column":20},"end":{"line":4,"column":21}},"loc":{"start":{"line":4,"column":34},"end":{"line":12,"column":1}},"line":4}},"branchMap":{},"s":{"0":1,"1":8},"f":{"0":8},"b":{},"_coverageSchema":"1a1c01bbd47fc00a2c39e90264f33305004495a9","hash":"d34c96ef6200359e67f6e8af50848e40713629d4"}
,"/Users/alan/Downloads/MessagingApp-main/src/services/auth.js": {"path":"/Users/alan/Downloads/MessagingApp-main/src/services/auth.js","statementMap":{"0":{"start":{"line":5,"column":32},"end":{"line":8,"column":1}},"1":{"start":{"line":6,"column":19},"end":{"line":6,"column":43}},"2":{"start":{"line":7,"column":2},"end":{"line":7,"column":41}},"3":{"start":{"line":11,"column":23},"end":{"line":11,"column":50}},"4":{"start":{"line":11,"column":29},"end":{"line":11,"column":50}}},"fnMap":{"0":{"name":"(anonymous_0)","decl":{"start":{"line":5,"column":32},"end":{"line":5,"column":33}},"loc":{"start":{"line":5,"column":38},"end":{"line":8,"column":1}},"line":5},"1":{"name":"(anonymous_1)","decl":{"start":{"line":11,"column":23},"end":{"line":11,"column":24}},"loc":{"start":{"line":11,"column":29},"end":{"line":11,"column":50}},"line":11}},"branchMap":{},"s":{"0":1,"1":0,"2":0,"3":1,"4":0},"f":{"0":0,"1":0},"b":{},"_coverageSchema":"1a1c01bbd47fc00a2c39e90264f33305004495a9","hash":"d1586bfd6b563a8c3f76780e9c5f9d9472e9abb5"}
,"/Users/alan/Downloads/MessagingApp-main/src/services/firebase.js": {"path":"/Users/alan/Downloads/MessagingApp-main/src/services/firebase.js","statementMap":{"0":{"start":{"line":5,"column":23},"end":{"line":13,"column":1}},"1":{"start":{"line":16,"column":12},"end":{"line":16,"column":41}},"2":{"start":{"line":19,"column":18},"end":{"line":19,"column":34}},"3":{"start":{"line":20,"column":20},"end":{"line":20,"column":32}},"4":{"start":{"line":23,"column":0},"end":{"line":23,"column":41}},"5":{"start":{"line":24,"column":0},"end":{"line":24,"column":48}}},"fnMap":{},"branchMap":{},"s":{"0":1,"1":1,"2":1,"3":1,"4":1,"5":1},"f":{},"b":{},"_coverageSchema":"1a1c01bbd47fc00a2c39e90264f33305004495a9","hash":"0c69a180a4f7d5ebceabf38d6c708793698c94b7"}
}
